{"C:\\Users\\Administrator\\WebstormProjects\\unittest2\\src\\js\\app.js": {"path":"C:\\Users\\Administrator\\WebstormProjects\\unittest2\\src\\js\\app.js","statementMap":{"0":{"start":{"line":3,"column":4},"end":{"line":7,"column":29}},"1":{"start":{"line":4,"column":8},"end":{"line":4,"column":24}},"2":{"start":{"line":5,"column":10},"end":{"line":7,"column":29}},"3":{"start":{"line":6,"column":8},"end":{"line":6,"column":25}},"4":{"start":{"line":7,"column":10},"end":{"line":7,"column":28}}},"fnMap":{"0":{"name":"checkHealth","decl":{"start":{"line":2,"column":16},"end":{"line":2,"column":27}},"loc":{"start":{"line":2,"column":36},"end":{"line":9,"column":1}},"line":2}},"branchMap":{"0":{"loc":{"start":{"line":3,"column":4},"end":{"line":7,"column":29}},"type":"if","locations":[{"start":{"line":3,"column":4},"end":{"line":7,"column":29}},{"start":{"line":5,"column":10},"end":{"line":7,"column":29}}],"line":3},"1":{"loc":{"start":{"line":5,"column":10},"end":{"line":7,"column":29}},"type":"if","locations":[{"start":{"line":5,"column":10},"end":{"line":7,"column":29}},{"start":{"line":7,"column":9},"end":{"line":7,"column":29}}],"line":5}},"s":{"0":3,"1":1,"2":2,"3":1,"4":1},"f":{"0":3},"b":{"0":[1,2],"1":[1,1]},"_coverageSchema":"1a1c01bbd47fc00a2c39e90264f33305004495a9","hash":"9a8e292e07a7ce8216752d461a5e732253cc55e7"}
}
